GHUD-Lite/bt-spp-library/build/intermediates/manifest_merge_blame_file/debug/processDebugManifest/manifest-merger-blame-debug-report.txt
1<?xml version="1.0" encoding="utf-8"?>
2<manifest xmlns:android="http://schemas.android.com/apk/res/android"
3    package="app.akexorcist.bluetotohspp.library"
4    android:versionCode="1"
5    android:versionName="1.0" >
6
7    <uses-sdk android:minSdkVersion="1" />
8
9    <uses-permission android:name="android.permission.BLUETOOTH" />
9-->src\main\AndroidManifest.xml:6:5-68
9-->src\main\AndroidManifest.xml:6:22-65
10    <uses-permission android:name="android.permission.BLUETOOTH_ADMIN" />
10-->src\main\AndroidManifest.xml:7:5-74
10-->src\main\AndroidManifest.xml:7:22-71
11
12    <application>
12-->src\main\AndroidManifest.xml:9:5-11:19
13        <activity android:name="app.akexorcist.bluetotohspp.library.DeviceList" />
13-->src\main\AndroidManifest.xml:10:9-83
13-->src\main\AndroidManifest.xml:10:19-80
14    </application>
15
16</manifest>